::1 - - [28/Nov/2022:16:42:33 +0000] "GET /api-users/getUserByEmail?email=dovancuongadhp@gmail.com HTTP/1.1" 200 234
::1 - - [28/Nov/2022:16:45:35 +0000] "OPTIONS /api-users/getAllUsers HTTP/1.1" 204 0
::1 - - [28/Nov/2022:16:45:35 +0000] "OPTIONS /api-users/getAllUsers HTTP/1.1" 204 0
::1 - - [28/Nov/2022:16:45:35 +0000] "GET /api-users/getAllUsers HTTP/1.1" 304 -
::1 - - [28/Nov/2022:16:45:35 +0000] "GET /api-users/getAllUsers HTTP/1.1" 304 -
::1 - - [28/Nov/2022:16:45:42 +0000] "OPTIONS /api-users/getAllUsers HTTP/1.1" 204 0
::1 - - [28/Nov/2022:16:45:42 +0000] "OPTIONS /api-users/getAllUsers HTTP/1.1" 204 0
::1 - - [28/Nov/2022:16:45:42 +0000] "GET /api-users/getAllUsers HTTP/1.1" 403 9
::1 - - [28/Nov/2022:16:45:42 +0000] "GET /api-users/getAllUsers HTTP/1.1" 403 9
::1 - - [28/Nov/2022:16:45:48 +0000] "OPTIONS /api-users/getAllUsers HTTP/1.1" 204 0
::1 - - [28/Nov/2022:16:45:48 +0000] "OPTIONS /api-users/getAllUsers HTTP/1.1" 204 0
::1 - - [28/Nov/2022:16:45:48 +0000] "GET /api-users/getAllUsers HTTP/1.1" 200 1095
::1 - - [28/Nov/2022:16:45:48 +0000] "GET /api-users/getAllUsers HTTP/1.1" 304 -
::1 - - [28/Nov/2022:16:46:43 +0000] "OPTIONS /api-users/getAllUsers HTTP/1.1" 204 0
::1 - - [28/Nov/2022:16:46:43 +0000] "OPTIONS /api-users/getAllUsers HTTP/1.1" 204 0
::1 - - [28/Nov/2022:16:46:43 +0000] "GET /api-users/getAllUsers HTTP/1.1" 304 -
::1 - - [28/Nov/2022:16:46:43 +0000] "GET /api-users/getAllUsers HTTP/1.1" 304 -
::1 - - [28/Nov/2022:16:46:49 +0000] "OPTIONS /api-users/getAllUsers HTTP/1.1" 204 0
::1 - - [28/Nov/2022:16:46:49 +0000] "OPTIONS /api-users/getAllUsers HTTP/1.1" 204 0
::1 - - [28/Nov/2022:16:46:49 +0000] "GET /api-users/getAllUsers HTTP/1.1" 403 9
::1 - - [28/Nov/2022:16:46:49 +0000] "GET /api-users/getAllUsers HTTP/1.1" 403 9
::1 - - [28/Nov/2022:16:47:54 +0000] "OPTIONS /api-users/getAllUsers HTTP/1.1" 204 0
::1 - - [28/Nov/2022:16:47:54 +0000] "OPTIONS /api-users/getAllUsers HTTP/1.1" 204 0
::1 - - [28/Nov/2022:16:47:54 +0000] "GET /api-users/getAllUsers HTTP/1.1" 403 9
::1 - - [28/Nov/2022:16:47:54 +0000] "GET /api-users/getAllUsers HTTP/1.1" 403 9
::1 - - [28/Nov/2022:16:47:57 +0000] "GET /api-users/getAllUsers HTTP/1.1" 403 9
::1 - - [28/Nov/2022:16:47:57 +0000] "GET /api-users/getAllUsers HTTP/1.1" 403 9
::1 - - [28/Nov/2022:16:48:06 +0000] "OPTIONS /api-users/getAllUsers HTTP/1.1" 204 0
::1 - - [28/Nov/2022:16:48:06 +0000] "OPTIONS /api-users/getAllUsers HTTP/1.1" 204 0
::1 - - [28/Nov/2022:16:48:06 +0000] "GET /api-users/getAllUsers HTTP/1.1" 403 9
::1 - - [28/Nov/2022:16:48:06 +0000] "GET /api-users/getAllUsers HTTP/1.1" 403 9
::1 - - [28/Nov/2022:16:48:09 +0000] "GET /api-users/getAllUsers HTTP/1.1" 403 9
::1 - - [28/Nov/2022:16:48:09 +0000] "GET /api-users/getAllUsers HTTP/1.1" 403 9
::1 - - [28/Nov/2022:16:48:10 +0000] "GET /api-users/getAllUsers HTTP/1.1" 403 9
::1 - - [28/Nov/2022:16:48:10 +0000] "GET /api-users/getAllUsers HTTP/1.1" 403 9
::1 - - [28/Nov/2022:16:48:30 +0000] "OPTIONS /api-users/getAllUsers HTTP/1.1" 204 0
::1 - - [28/Nov/2022:16:48:30 +0000] "OPTIONS /api-users/getAllUsers HTTP/1.1" 204 0
::1 - - [28/Nov/2022:16:48:30 +0000] "GET /api-users/getAllUsers HTTP/1.1" 403 9
::1 - - [28/Nov/2022:16:48:30 +0000] "GET /api-users/getAllUsers HTTP/1.1" 403 9
::1 - - [28/Nov/2022:16:48:40 +0000] "OPTIONS /api-users/getAllUsers HTTP/1.1" 204 0
::1 - - [28/Nov/2022:16:48:40 +0000] "OPTIONS /api-users/getAllUsers HTTP/1.1" 204 0
::1 - - [28/Nov/2022:16:48:40 +0000] "GET /api-users/getAllUsers HTTP/1.1" 403 9
::1 - - [28/Nov/2022:16:48:40 +0000] "GET /api-users/getAllUsers HTTP/1.1" 403 9
::1 - - [28/Nov/2022:17:00:18 +0000] "OPTIONS /api-users/getAllUsers HTTP/1.1" 204 0
::1 - - [28/Nov/2022:17:00:18 +0000] "OPTIONS /api-users/getAllUsers HTTP/1.1" 204 0
::1 - - [28/Nov/2022:17:00:18 +0000] "GET /api-users/getAllUsers HTTP/1.1" 200 1095
::1 - - [28/Nov/2022:17:00:18 +0000] "GET /api-users/getAllUsers HTTP/1.1" 304 -
::1 - - [28/Nov/2022:17:00:25 +0000] "OPTIONS /api-users/getAllUsers HTTP/1.1" 204 0
::1 - - [28/Nov/2022:17:00:25 +0000] "OPTIONS /api-users/getAllUsers HTTP/1.1" 204 0
::1 - - [28/Nov/2022:17:00:25 +0000] "GET /api-users/getAllUsers HTTP/1.1" 403 9
::1 - - [28/Nov/2022:17:00:25 +0000] "GET /api-users/getAllUsers HTTP/1.1" 403 9
::1 - - [28/Nov/2022:17:00:35 +0000] "OPTIONS /api-users/getAllUsers HTTP/1.1" 204 0
::1 - - [28/Nov/2022:17:00:35 +0000] "OPTIONS /api-users/getAllUsers HTTP/1.1" 204 0
::1 - - [28/Nov/2022:17:00:35 +0000] "GET /api-users/getAllUsers HTTP/1.1" 200 1095
::1 - - [28/Nov/2022:17:00:35 +0000] "GET /api-users/getAllUsers HTTP/1.1" 304 -
::1 - - [28/Nov/2022:17:01:34 +0000] "OPTIONS /api-users/getAllUsers HTTP/1.1" 204 0
::1 - - [28/Nov/2022:17:01:34 +0000] "OPTIONS /api-users/getAllUsers HTTP/1.1" 204 0
::1 - - [28/Nov/2022:17:01:34 +0000] "GET /api-users/getAllUsers HTTP/1.1" 304 -
::1 - - [28/Nov/2022:17:01:34 +0000] "GET /api-users/getAllUsers HTTP/1.1" 304 -
::1 - - [28/Nov/2022:17:02:08 +0000] "OPTIONS /api-users/getAllUsers HTTP/1.1" 204 0
::1 - - [28/Nov/2022:17:02:08 +0000] "OPTIONS /api-users/getAllUsers HTTP/1.1" 204 0
::1 - - [28/Nov/2022:17:02:08 +0000] "GET /api-users/getAllUsers HTTP/1.1" 304 -
::1 - - [28/Nov/2022:17:02:08 +0000] "GET /api-users/getAllUsers HTTP/1.1" 304 -
::1 - - [28/Nov/2022:17:02:20 +0000] "OPTIONS /api-users/getAllUsers HTTP/1.1" 204 0
::1 - - [28/Nov/2022:17:02:20 +0000] "GET /api-users/getAllUsers HTTP/1.1" 304 -
::1 - - [28/Nov/2022:17:02:37 +0000] "OPTIONS /api-users/getAllUsers HTTP/1.1" 204 0
::1 - - [28/Nov/2022:17:02:37 +0000] "GET /api-users/getAllUsers HTTP/1.1" 304 -
::1 - - [29/Nov/2022:04:02:24 +0000] "POST /login HTTP/1.1" 200 453
::1 - - [29/Nov/2022:16:19:41 +0000] "POST /auth/login HTTP/1.1" - -
::1 - - [29/Nov/2022:16:20:42 +0000] "POST /auth/login HTTP/1.1" - -
::1 - - [29/Nov/2022:16:27:13 +0000] "POST /auth/login HTTP/1.1" 200 430
::1 - - [29/Nov/2022:16:31:49 +0000] "POST /auth/login HTTP/1.1" 200 430
::1 - - [29/Nov/2022:16:37:56 +0000] "POST /auth/login HTTP/1.1" 200 -
::1 - - [29/Nov/2022:16:42:36 +0000] "POST /auth/login HTTP/1.1" 200 90
::1 - - [29/Nov/2022:16:43:40 +0000] "POST /auth/login HTTP/1.1" 200 118
::1 - - [29/Nov/2022:16:44:01 +0000] "POST /auth/login HTTP/1.1" 200 110
::1 - - [29/Nov/2022:16:46:09 +0000] "POST /auth/login HTTP/1.1" 200 132
::1 - - [29/Nov/2022:16:49:09 +0000] "POST /auth/login HTTP/1.1" 404 150
::1 - - [29/Nov/2022:16:49:15 +0000] "POST /login HTTP/1.1" 403 74
::1 - - [29/Nov/2022:16:49:20 +0000] "POST /login HTTP/1.1" 403 63
::1 - - [29/Nov/2022:16:50:12 +0000] "POST /login HTTP/1.1" 403 63
::1 - - [29/Nov/2022:16:50:27 +0000] "POST /login HTTP/1.1" 403 67
::1 - - [29/Nov/2022:16:50:41 +0000] "POST /login HTTP/1.1" 403 63
::1 - - [29/Nov/2022:16:51:59 +0000] "POST /api-users/addUser HTTP/1.1" 403 9
::1 - - [29/Nov/2022:16:52:26 +0000] "POST /api-users/addUser HTTP/1.1" 403 9
::1 - - [29/Nov/2022:16:52:40 +0000] "POST /api-users/addUser HTTP/1.1" 403 9
::1 - - [29/Nov/2022:16:53:25 +0000] "POST /api-users/addUser HTTP/1.1" 200 211
::1 - - [29/Nov/2022:16:53:47 +0000] "POST /api-users/addUser HTTP/1.1" 200 213
::1 - - [29/Nov/2022:16:54:12 +0000] "POST /api-users/addUser HTTP/1.1" 200 200
::1 - - [29/Nov/2022:16:54:38 +0000] "POST /api-users/addUser HTTP/1.1" 200 185
::1 - - [29/Nov/2022:16:54:46 +0000] "POST /login HTTP/1.1" 403 74
::1 - - [29/Nov/2022:16:54:58 +0000] "POST /login HTTP/1.1" 200 430
::1 - - [29/Nov/2022:16:56:08 +0000] "GET /api-users/getAllUsers HTTP/1.1" 403 9
::1 - - [29/Nov/2022:16:56:29 +0000] "GET /api-users/getAllUsers HTTP/1.1" 200 704
::1 - - [29/Nov/2022:17:02:09 +0000] "GET /api-users/getAllUsers HTTP/1.1" 200 704
::1 - - [29/Nov/2022:17:02:27 +0000] "POST /api-users/addUser HTTP/1.1" 200 185
::1 - - [29/Nov/2022:17:02:31 +0000] "GET /api-users/getAllUsers HTTP/1.1" 200 851
::1 - - [29/Nov/2022:17:05:14 +0000] "POST /api-users/addUser HTTP/1.1" 200 188
::1 - - [29/Nov/2022:17:05:23 +0000] "GET /api-users/getAllUsers HTTP/1.1" 200 993
::1 - - [29/Nov/2022:17:05:31 +0000] "GET /api-users/getAllUsers HTTP/1.1" 500 1391
::1 - - [29/Nov/2022:17:05:40 +0000] "GET /api-users/getAllUsers HTTP/1.1" 500 1391
::1 - - [29/Nov/2022:17:05:51 +0000] "GET /api-users/getAllUsers HTTP/1.1" 200 993
::1 - - [29/Nov/2022:17:05:56 +0000] "GET /api-users/getAllUsers HTTP/1.1" 200 993
::1 - - [29/Nov/2022:17:07:58 +0000] "GET /api-users/getAllUsers HTTP/1.1" 200 40
::1 - - [29/Nov/2022:17:08:31 +0000] "POST /api-users/addUser HTTP/1.1" 200 213
::1 - - [29/Nov/2022:17:08:47 +0000] "POST /api-users/addUser HTTP/1.1" 200 187
::1 - - [29/Nov/2022:17:08:52 +0000] "GET /api-users/getAllUsers HTTP/1.1" 200 347
::1 - - [29/Nov/2022:17:09:03 +0000] "POST /login HTTP/1.1" 403 74
::1 - - [29/Nov/2022:17:09:08 +0000] "POST /login HTTP/1.1" 403 63
::1 - - [29/Nov/2022:17:09:57 +0000] "OPTIONS /api-users/getAllUsers HTTP/1.1" 204 0
::1 - - [29/Nov/2022:17:09:57 +0000] "OPTIONS /api-users/getAllUsers HTTP/1.1" 204 0
::1 - - [29/Nov/2022:17:09:57 +0000] "GET /api-users/getAllUsers HTTP/1.1" 200 347
::1 - - [29/Nov/2022:17:09:57 +0000] "GET /api-users/getAllUsers HTTP/1.1" 304 -
::1 - - [29/Nov/2022:17:10:02 +0000] "OPTIONS /api-users/getAllUsers HTTP/1.1" 204 0
::1 - - [29/Nov/2022:17:10:02 +0000] "OPTIONS /api-users/getAllUsers HTTP/1.1" 204 0
::1 - - [29/Nov/2022:17:10:02 +0000] "GET /api-users/getAllUsers HTTP/1.1" 304 -
::1 - - [29/Nov/2022:17:10:02 +0000] "GET /api-users/getAllUsers HTTP/1.1" 304 -
::1 - - [29/Nov/2022:17:10:29 +0000] "POST /login HTTP/1.1" 200 430
::1 - - [29/Nov/2022:17:11:21 +0000] "OPTIONS /api-users/getAllUsers HTTP/1.1" 204 0
::1 - - [29/Nov/2022:17:11:21 +0000] "GET /api-users/getAllUsers HTTP/1.1" 304 -
::1 - - [29/Nov/2022:17:11:21 +0000] "GET /api-users/getAllUsers HTTP/1.1" 304 -
::1 - - [29/Nov/2022:17:11:27 +0000] "OPTIONS /api-users/getAllUsers HTTP/1.1" 204 0
::1 - - [29/Nov/2022:17:11:27 +0000] "OPTIONS /api-users/getAllUsers HTTP/1.1" 204 0
::1 - - [29/Nov/2022:17:11:27 +0000] "GET /api-users/getAllUsers HTTP/1.1" 403 9
::1 - - [29/Nov/2022:17:11:27 +0000] "GET /api-users/getAllUsers HTTP/1.1" 403 9
::1 - - [29/Nov/2022:17:11:31 +0000] "OPTIONS /login HTTP/1.1" 204 0
::1 - - [29/Nov/2022:17:11:31 +0000] "POST /login HTTP/1.1" 200 379
::1 - - [29/Nov/2022:17:11:31 +0000] "GET /api-users/getAllUsers HTTP/1.1" 200 347
::1 - - [29/Nov/2022:17:11:31 +0000] "GET /api-users/getAllUsers HTTP/1.1" 304 -
::1 - - [29/Nov/2022:17:12:32 +0000] "OPTIONS /api-users/getAllUsers HTTP/1.1" 204 0
::1 - - [29/Nov/2022:17:12:32 +0000] "OPTIONS /api-users/getAllUsers HTTP/1.1" 204 0
::1 - - [29/Nov/2022:17:12:32 +0000] "GET /api-users/getAllUsers HTTP/1.1" 403 9
::1 - - [29/Nov/2022:17:12:32 +0000] "GET /api-users/getAllUsers HTTP/1.1" 403 9
::1 - - [29/Nov/2022:17:12:35 +0000] "OPTIONS /login HTTP/1.1" 204 0
::1 - - [29/Nov/2022:17:12:35 +0000] "POST /login HTTP/1.1" 200 380
::1 - - [29/Nov/2022:17:12:36 +0000] "GET /api-users/getAllUsers HTTP/1.1" 200 347
::1 - - [29/Nov/2022:17:12:36 +0000] "GET /api-users/getAllUsers HTTP/1.1" 304 -
